tests/test_pipeline_warmup_autofix.py:18:5: F841 Local variable `unused_marker` is assigned to but never used
   |
16 | @pytest.mark.cosmetic
17 | def test_run_analysis_warmup_zeroes_leading_rows() -> None:
18 |     unused_marker = "lint should remove me"
   |     ^^^^^^^^^^^^^ F841
19 |     dataset = pd.DataFrame(
20 |         {
   |
   = help: Remove assignment to unused variable `unused_marker`

tests/test_pipeline_warmup_autofix.py:51:5: F841 Local variable `unused_debug_marker` is assigned to but never used
   |
49 | def test_run_analysis_additional_metrics_coverages() -> None:
50 |     """Intentional diagnostic additions for automation workflow coverage."""
51 |     unused_debug_marker = "automation should remove this variable"
   |     ^^^^^^^^^^^^^^^^^^^ F841
52 |     dataset = pd.DataFrame(
53 |         {
   |
   = help: Remove assignment to unused variable `unused_debug_marker`

Found 2 errors.
No fixes available (2 hidden fixes can be enabled with the `--unsafe-fixes` option).
